<?xml version="1.0" encoding="UTF-8"?>
<!-- Generated by org.testng.reporters.JUnitReportReporter -->
<testsuite hostname="DESKTOP-QRB56CU" name="demo.Extent_Reports" tests="1" failures="0" timestamp="25 Nov 2022 03:24:17 GMT" time="5.661" errors="0">
  <testcase name="testExtentReports" time="5.661" classname="demo.Extent_Reports"/>
</testsuite> <!-- demo.Extent_Reports -->
