<?xml version="1.0" encoding="UTF-8"?>
<!-- Generated by org.testng.reporters.JUnitReportReporter -->
<testsuite hostname="DESKTOP-QRB56CU" name="utilities.XLdataProvider" tests="1" failures="0" timestamp="25 Nov 2022 19:27:22 GMT" time="0.657" errors="0">
  <testcase name="XLdataProvider1" time="0.657" classname="utilities.XLdataProvider"/>
</testsuite> <!-- utilities.XLdataProvider -->
